<?xml version="1.0" encoding="UTF-8"?>
<!-- Generated by org.testng.reporters.JUnitXMLReporter -->
<testsuite ignored="0" hostname="DESKTOP-SNJDH69" failures="0" tests="10" name="Surefire test" time="17.782" errors="0" timestamp="2025-02-05T22:17:53 IST">
  <testcase classname="api.test.DDTests" name="testPostuser" time="2.764"/>
  <testcase classname="api.test.DDTests" name="testPostuser" time="1.315"/>
  <testcase classname="api.test.DDTests" name="testPostuser" time="1.359"/>
  <testcase classname="api.test.DDTests" name="testDeleteUserByName" time="1.332"/>
  <testcase classname="api.test.DDTests" name="testDeleteUserByName" time="1.446"/>
  <testcase classname="api.test.DDTests" name="testDeleteUserByName" time="1.314"/>
  <testcase classname="api.test.UserTests" name="testPostUser" time="1.401"/>
  <testcase classname="api.test.UserTests" name="testGetUserByName" time="1.289"/>
  <testcase classname="api.test.UserTests" name="testUpdateUserByName" time="2.687"/>
  <testcase classname="api.test.UserTests" name="testDeleteUserByName" time="1.398"/>
</testsuite> <!-- Surefire test -->
