<?xml version="1.0" encoding="UTF-8"?>
<!-- Generated by org.testng.reporters.JUnitXMLReporter -->
<testsuite ignored="0" hostname="DESKTOP-SNJDH69" failures="0" tests="4" name="PetTests" time="8.714" errors="0" timestamp="2025-02-05T15:44:45 IST">
  <testcase classname="api.test.UserTests2" name="testPostUser" time="2.751"/>
  <testcase classname="api.test.UserTests2" name="testGetUserByName" time="1.322"/>
  <testcase classname="api.test.UserTests2" name="testUpdateUserByName" time="2.599"/>
  <testcase classname="api.test.UserTests2" name="testDeleteUserByName" time="1.298"/>
</testsuite> <!-- PetTests -->
